ERROR: Unable to locate a modulefile for 'mhpc'
g1
0,00924652
0,00043707
0,00035843
0,00032504
0,00043547
-0.20727 -0.20727 -0.20727 -0.20727 -0.20727 
0,00781409
0,00359295
0,00189323
0,00121696
0,00115127
-0.199702 -0.199702 -0.199702 -0.199702 -0.199702 
0,06453283
0,03030956
0,01525405
0,01046935
0,00884080
-0.198941 -0.198941 -0.198941 -0.198941 -0.198941 
0,60439772
0,30393406
0,15137166
0,07588271
0,06030728
-0.198865 -0.198865 -0.198865 -0.198865 -0.198865 
5,65316278
2,90274221
1,51340238
0,88716080
0,60267572
-0.198857 -0.198857 -0.198857 -0.198857 -0.198857 
5,.97110572
2,.22246002
1,.85656721
7,48362938
5,96506974
-0.198857 -0.198857 -0.198857 -0.198857 -0.198857 
