ERROR: Unable to locate a modulefile for 'mhpc'
g1
0,00005332
0,00018021
0,00018293
0,00023178
0,00033845
1000 1000 1000 1000 1000 
0,00041417
0,00035057
0,00027623
0,00055753
0,00038520
1000 1000 1000 1000 1000 
0,00387980
0,00197657
0,00105461
0,00094057
0,00087086
1000 1000 1000 1000 1000 
0,03748414
0,01906357
0,00963137
0,00673541
0,00607234
1000 1000 1000 1000 1000 
0,33620677
0,16837498
0,10290605
0,05034856
0,06286250
1000 1000 1000 1000 1000 
3,36634281
2,03031932
0,95321744
0,73748346
0,46619917
1000 1000 1000 1000 1000 
