ERROR: Unable to locate a modulefile for 'mhpc'
g1
size 1000
0,00429437
0,00253375
0,00154200
0,00159904
0,00161135
1 1 1 1 1 
size 5000
0,06900377
0,05018958
0,02925426
0,01599070
0,01156397
1 1 1 1 1 
size 9000
0,20342164
0,14016891
0,08371704
0,04592639
0,03414702
1 1 1 1 1 
size 13000
0,47657233
0,31720391
0,19371449
0,19650287
0,10765065
1 1 1 1 1 
size 17000
1,44332019
0,58466940
0,31861972
0,17870708
0,13105835
1 1 1 1 1 
size 21000
1,66458942
1,28743941
0,49229628
0,32668729
0,32309066
1 1 1 1 1 
