ERROR: Unable to locate a modulefile for 'mhpc'
g1
size 1000
0,00425495
0,01801781
0,11788774
0,29335811
0,61776343
1 1 1 1 1 
size 5000
0,07001210
0,10864614
0,74983142
1,52409003
2,87147936
1 1 1 1 1 
size 9000
0,22877816
0,28942559
1,77412732
2,73893213
5,40546139
1 1 1 1 1 
size 13000
0,45059870
0,72432318
2,13190849
4,29330440
7,76992657
1 1 1 1 1 
size 17000
0,68000582
0,73077021
2,95077409
5,00247052
1,.69240029
1 1 1 1 1 
size 21000
1,24608396
1,07791766
2,86078762
6,07165795
1,.75227730
1 1 1 1 1 
