ERROR: Unable to locate a modulefile for 'mhpc'
g1
size 1000
0,00407635
0,01651353
0,13182882
0,32845028
0,61157442
1 1 1 1 1 
size 5000
0,06936832
0,10695049
0,79130516
1,85589269
3,00280677
1 1 1 1 1 
size 9000
0,21364733
0,22365818
1,89721297
3,95971910
5,74412215
1 1 1 1 1 
size 13000
0,47892492
0,43176695
1,56401669
4,53527150
8,80497204
1 1 1 1 1 
size 17000
1,13485302
0,83816564
2,23184615
6,01173727
1,.78539550
1 1 1 1 1 
size 21000
1,24444781
0,90138263
2,54185885
5,09291569
1,.41399413
1 1 1 1 1 
