ERROR: Unable to locate a modulefile for 'mhpc'
g1
Количество потоков: 4
0,00009536
0,00017911
0,00020148
0,00149524
0,00035557
-1792511037 -1792511037 -1792511037 -1792511037 -1792511037 
Количество потоков: 5
0,00077907
0,00051160
0,00111945
0,00033658
0,00042902
-709568698 -709568698 -709568698 -709568698 -709568698 
Количество потоков: 6
0,00597915
0,00314368
0,00170711
0,00198960
0,00177792
1436463154 1436463154 1436463154 1436463154 1436463154 
Количество потоков: 7
0,05991261
0,03027798
0,01539711
0,01122722
0,00993166
899547687 899547687 899547687 899547687 899547687 
Количество потоков: 8
0,53754560
0,29087170
0,15366262
0,12862288
0,09405158
-1311521968 -1311521968 -1311521968 -1311521968 -1311521968 
