ERROR: Unable to locate a modulefile for 'mhpc'
g1
size 1000
0,01323183
0,00675417
0,00395508
0,00205529
0,00235844
1 1 1 1 1 
size 5000
0,22445352
0,11264902
0,05668080
0,03312058
0,02265928
1 1 1 1 1 
size 9000
0,66267158
0,34555007
0,17840261
0,09128774
0,06913631
1 1 1 1 1 
size 13000
1,63188725
0,71336652
0,35713047
0,20708726
0,14481073
1 1 1 1 1 
size 17000
3,09137040
1,75040382
0,70059627
0,35173709
0,25139840
1 1 1 1 1 
size 21000
3,71619077
1,87793101
1,04343027
0,54123254
0,35864981
1 1 1 1 1 
