ERROR: Unable to locate a modulefile for 'mhpc'
g1
size 1000
0,00453455
0,00314564
0,00180223
0,00173404
0,00197589
1 1 1 1 1 
size 5000
0,06979455
0,05063400
0,02952418
0,01610667
0,01444568
1 1 1 1 1 
size 9000
0,22870595
0,15248246
0,09041154
0,04934835
0,03871856
1 1 1 1 1 
size 13000
0,47757545
0,28881760
0,17353149
0,15255592
0,08564342
1 1 1 1 1 
size 17000
0,69218871
0,55090249
0,33268356
0,26048844
0,23486427
1 1 1 1 1 
size 21000
1,37285442
0,87600427
0,48690803
0,26838281
0,19521449
1 1 1 1 1 
